<?xml version="1.0" encoding="UTF-8"?>
<!-- Generated by org.testng.reporters.JUnitReportReporter -->
<testsuite skipped="0" hostname="Admin-PC" name="com.app.tests.MavenTest" tests="1" failures="0" timestamp="04 Apr 2018 05:38:06 GMT" time="0.014" errors="0">
  <testcase name="testSample" time="0.014" classname="com.app.tests.MavenTest"/>
</testsuite> <!-- com.app.tests.MavenTest -->
